Copyright 1986-2019 Xilinx, Inc. All Rights Reserved.
------------------------------------------------------------------------------------
| Tool Version : Vivado v.2019.2 (win64) Build 2708876 Wed Nov  6 21:40:23 MST 2019
| Date         : Fri Sep 25 12:37:18 2020
| Host         : Ion-Notebook running 64-bit major release  (build 9200)
| Command      : upgrade_ip
| Device       : xc7z007sclg225-1
------------------------------------------------------------------------------------

Upgrade Log for IP 'design_1_axi_espulsore_0_1'

1. Summary
----------

SUCCESS in the upgrade of design_1_axi_espulsore_0_1 (xilinx.com:user:axi_espulsore:1.0) from (Rev. 57) to (Rev. 58)






Copyright 1986-2019 Xilinx, Inc. All Rights Reserved.
------------------------------------------------------------------------------------
| Tool Version : Vivado v.2019.2 (win64) Build 2708876 Wed Nov  6 21:40:23 MST 2019
| Date         : Fri Sep 25 12:27:57 2020
| Host         : Ion-Notebook running 64-bit major release  (build 9200)
| Command      : upgrade_ip
| Device       : xc7z007sclg225-1
------------------------------------------------------------------------------------

Upgrade Log for IP 'design_1_axi_espulsore_0_1'

1. Summary
----------

SUCCESS in the upgrade of design_1_axi_espulsore_0_1 (xilinx.com:user:axi_espulsore:1.0) from (Rev. 56) to (Rev. 57)






Copyright 1986-2019 Xilinx, Inc. All Rights Reserved.
------------------------------------------------------------------------------------
| Tool Version : Vivado v.2019.2 (win64) Build 2708876 Wed Nov  6 21:40:23 MST 2019
| Date         : Fri Sep 25 11:16:00 2020
| Host         : Ion-Notebook running 64-bit major release  (build 9200)
| Command      : upgrade_ip
| Device       : xc7z007sclg225-1
------------------------------------------------------------------------------------

Upgrade Log for IP 'design_1_axi_espulsore_0_1'

1. Summary
----------

SUCCESS in the upgrade of design_1_axi_espulsore_0_1 (xilinx.com:user:axi_espulsore:1.0) from (Rev. 55) to (Rev. 56)






Copyright 1986-2019 Xilinx, Inc. All Rights Reserved.
------------------------------------------------------------------------------------
| Tool Version : Vivado v.2019.2 (win64) Build 2708876 Wed Nov  6 21:40:23 MST 2019
| Date         : Fri Sep 25 10:58:51 2020
| Host         : Ion-Notebook running 64-bit major release  (build 9200)
| Command      : upgrade_ip
| Device       : xc7z007sclg225-1
------------------------------------------------------------------------------------

Upgrade Log for IP 'design_1_axi_espulsore_0_1'

1. Summary
----------

SUCCESS in the upgrade of design_1_axi_espulsore_0_1 (xilinx.com:user:axi_espulsore:1.0) from (Rev. 54) to (Rev. 55)






Copyright 1986-2019 Xilinx, Inc. All Rights Reserved.
------------------------------------------------------------------------------------
| Tool Version : Vivado v.2019.2 (win64) Build 2708876 Wed Nov  6 21:40:23 MST 2019
| Date         : Fri Sep 25 10:32:37 2020
| Host         : Ion-Notebook running 64-bit major release  (build 9200)
| Command      : upgrade_ip
| Device       : xc7z007sclg225-1
------------------------------------------------------------------------------------

Upgrade Log for IP 'design_1_axi_espulsore_0_1'

1. Summary
----------

SUCCESS in the upgrade of design_1_axi_espulsore_0_1 (xilinx.com:user:axi_espulsore:1.0) from (Rev. 52) to (Rev. 54)






Copyright 1986-2019 Xilinx, Inc. All Rights Reserved.
------------------------------------------------------------------------------------
| Tool Version : Vivado v.2019.2 (win64) Build 2708876 Wed Nov  6 21:40:23 MST 2019
| Date         : Fri Sep 25 10:22:56 2020
| Host         : Ion-Notebook running 64-bit major release  (build 9200)
| Command      : upgrade_ip
| Device       : xc7z007sclg225-1
------------------------------------------------------------------------------------

Upgrade Log for IP 'design_1_axi_espulsore_0_1'

1. Summary
----------

SUCCESS in the upgrade of design_1_axi_espulsore_0_1 (xilinx.com:user:axi_espulsore:1.0) from (Rev. 51) to (Rev. 52)






Copyright 1986-2019 Xilinx, Inc. All Rights Reserved.
------------------------------------------------------------------------------------
| Tool Version : Vivado v.2019.2 (win64) Build 2708876 Wed Nov  6 21:40:23 MST 2019
| Date         : Thu Sep 24 17:03:09 2020
| Host         : Ion-Notebook running 64-bit major release  (build 9200)
| Command      : upgrade_ip
| Device       : xc7z007sclg225-1
------------------------------------------------------------------------------------

Upgrade Log for IP 'design_1_axi_espulsore_0_1'

1. Summary
----------

SUCCESS in the upgrade of design_1_axi_espulsore_0_1 (xilinx.com:user:axi_espulsore:1.0) from (Rev. 50) to (Rev. 51)






Copyright 1986-2019 Xilinx, Inc. All Rights Reserved.
------------------------------------------------------------------------------------
| Tool Version : Vivado v.2019.2 (win64) Build 2708876 Wed Nov  6 21:40:23 MST 2019
| Date         : Thu Sep 24 13:06:39 2020
| Host         : Ion-Notebook running 64-bit major release  (build 9200)
| Command      : upgrade_ip
| Device       : xc7z007sclg225-1
------------------------------------------------------------------------------------

Upgrade Log for IP 'design_1_axi_espulsore_0_1'

1. Summary
----------

SUCCESS in the upgrade of design_1_axi_espulsore_0_1 (xilinx.com:user:axi_espulsore:1.0) from (Rev. 49) to (Rev. 50)






Copyright 1986-2019 Xilinx, Inc. All Rights Reserved.
------------------------------------------------------------------------------------
| Tool Version : Vivado v.2019.2 (win64) Build 2708876 Wed Nov  6 21:40:23 MST 2019
| Date         : Thu Sep 24 12:25:03 2020
| Host         : Ion-Notebook running 64-bit major release  (build 9200)
| Command      : upgrade_ip
| Device       : xc7z007sclg225-1
------------------------------------------------------------------------------------

Upgrade Log for IP 'design_1_axi_espulsore_0_1'

1. Summary
----------

SUCCESS in the upgrade of design_1_axi_espulsore_0_1 (xilinx.com:user:axi_espulsore:1.0) from (Rev. 46) to (Rev. 49)






Copyright 1986-2019 Xilinx, Inc. All Rights Reserved.
------------------------------------------------------------------------------------
| Tool Version : Vivado v.2019.2 (win64) Build 2708876 Wed Nov  6 21:40:23 MST 2019
| Date         : Thu Sep 24 11:50:10 2020
| Host         : Ion-Notebook running 64-bit major release  (build 9200)
| Command      : upgrade_ip
| Device       : xc7z007sclg225-1
------------------------------------------------------------------------------------

Upgrade Log for IP 'design_1_axi_espulsore_0_1'

1. Summary
----------

SUCCESS in the upgrade of design_1_axi_espulsore_0_1 (xilinx.com:user:axi_espulsore:1.0) from (Rev. 43) to (Rev. 46)






Copyright 1986-2019 Xilinx, Inc. All Rights Reserved.
------------------------------------------------------------------------------------
| Tool Version : Vivado v.2019.2 (win64) Build 2708876 Wed Nov  6 21:40:23 MST 2019
| Date         : Thu Sep 24 11:29:37 2020
| Host         : Ion-Notebook running 64-bit major release  (build 9200)
| Command      : upgrade_ip
| Device       : xc7z007sclg225-1
------------------------------------------------------------------------------------

Upgrade Log for IP 'design_1_axi_espulsore_0_1'

1. Summary
----------

SUCCESS in the conversion of design_1_axi_espulsore_0_1 (xilinx.com:user:axi_espulsore:1.0 (Rev. 43)) to Vivado generation flows.






Copyright 1986-2019 Xilinx, Inc. All Rights Reserved.
------------------------------------------------------------------------------------
| Tool Version : Vivado v.2019.2 (win64) Build 2708876 Wed Nov  6 21:40:23 MST 2019
| Date         : Thu Sep 24 11:21:00 2020
| Host         : Ion-Notebook running 64-bit major release  (build 9200)
| Command      : upgrade_ip
| Device       : xc7z007sclg225-1
------------------------------------------------------------------------------------

Upgrade Log for IP 'design_1_axi_espulsore_0_1'

1. Summary
----------

SUCCESS in the conversion of design_1_axi_espulsore_0_1 (xilinx.com:user:axi_espulsore:1.0 (Rev. 43)) to Vivado generation flows.






Copyright 1986-2019 Xilinx, Inc. All Rights Reserved.
------------------------------------------------------------------------------------
| Tool Version : Vivado v.2019.2 (win64) Build 2708876 Wed Nov  6 21:40:23 MST 2019
| Date         : Thu Sep 24 10:54:50 2020
| Host         : Ion-Notebook running 64-bit major release  (build 9200)
| Command      : upgrade_ip
| Device       : xc7z007sclg225-1
------------------------------------------------------------------------------------

Upgrade Log for IP 'design_1_axi_espulsore_0_1'

1. Summary
----------

SUCCESS in the upgrade of design_1_axi_espulsore_0_1 (xilinx.com:user:axi_espulsore:1.0) from (Rev. 41) to (Rev. 43)






Copyright 1986-2019 Xilinx, Inc. All Rights Reserved.
------------------------------------------------------------------------------------
| Tool Version : Vivado v.2019.2 (win64) Build 2708876 Wed Nov  6 21:40:23 MST 2019
| Date         : Tue Sep 22 20:26:33 2020
| Host         : Ion-Notebook running 64-bit major release  (build 9200)
| Command      : upgrade_ip
| Device       : xc7z007sclg225-1
------------------------------------------------------------------------------------

Upgrade Log for IP 'design_1_axi_espulsore_0_1'

1. Summary
----------

SUCCESS in the conversion of design_1_axi_espulsore_0_1 (xilinx.com:user:axi_espulsore:1.0 (Rev. 41)) to Vivado generation flows.






Copyright 1986-2019 Xilinx, Inc. All Rights Reserved.
------------------------------------------------------------------------------------
| Tool Version : Vivado v.2019.2 (win64) Build 2708876 Wed Nov  6 21:40:23 MST 2019
| Date         : Tue Sep 22 20:18:27 2020
| Host         : Ion-Notebook running 64-bit major release  (build 9200)
| Command      : upgrade_ip
| Device       : xc7z007sclg225-1
------------------------------------------------------------------------------------

Upgrade Log for IP 'design_1_axi_espulsore_0_1'

1. Summary
----------

SUCCESS in the conversion of design_1_axi_espulsore_0_1 (xilinx.com:user:axi_espulsore:1.0 (Rev. 41)) to Vivado generation flows.






Copyright 1986-2019 Xilinx, Inc. All Rights Reserved.
------------------------------------------------------------------------------------
| Tool Version : Vivado v.2019.2 (win64) Build 2708876 Wed Nov  6 21:40:23 MST 2019
| Date         : Tue Sep 22 20:16:25 2020
| Host         : Ion-Notebook running 64-bit major release  (build 9200)
| Command      : upgrade_ip
| Device       : xc7z007sclg225-1
------------------------------------------------------------------------------------

Upgrade Log for IP 'design_1_axi_espulsore_0_1'

1. Summary
----------

SUCCESS in the upgrade of design_1_axi_espulsore_0_1 (xilinx.com:user:axi_espulsore:1.0) from (Rev. 25) to (Rev. 41)






Copyright 1986-2019 Xilinx, Inc. All Rights Reserved.
------------------------------------------------------------------------------------
| Tool Version : Vivado v.2019.2 (win64) Build 2708876 Wed Nov  6 21:40:23 MST 2019
| Date         : Tue Sep 22 19:59:59 2020
| Host         : Ion-Notebook running 64-bit major release  (build 9200)
| Command      : upgrade_ip
| Device       : xc7z007sclg225-1
------------------------------------------------------------------------------------

Upgrade Log for IP 'design_1_axi_espulsore_0_1'

1. Summary
----------

SUCCESS in the conversion of design_1_axi_espulsore_0_1 (xilinx.com:user:axi_espulsore:1.0 (Rev. 25)) to Vivado generation flows.






Copyright 1986-2019 Xilinx, Inc. All Rights Reserved.
------------------------------------------------------------------------------------
| Tool Version : Vivado v.2019.2 (win64) Build 2708876 Wed Nov  6 21:40:23 MST 2019
| Date         : Tue Sep 22 19:50:59 2020
| Host         : Ion-Notebook running 64-bit major release  (build 9200)
| Command      : upgrade_ip
| Device       : xc7z007sclg225-1
------------------------------------------------------------------------------------

Upgrade Log for IP 'design_1_axi_espulsore_0_1'

1. Summary
----------

SUCCESS in the conversion of design_1_axi_espulsore_0_1 (xilinx.com:user:axi_espulsore:1.0 (Rev. 25)) to Vivado generation flows.






Copyright 1986-2019 Xilinx, Inc. All Rights Reserved.
------------------------------------------------------------------------------------
| Tool Version : Vivado v.2019.2 (win64) Build 2708876 Wed Nov  6 21:40:23 MST 2019
| Date         : Tue Sep 22 19:35:19 2020
| Host         : Ion-Notebook running 64-bit major release  (build 9200)
| Command      : upgrade_ip
| Device       : xc7z007sclg225-1
------------------------------------------------------------------------------------

Upgrade Log for IP 'design_1_axi_espulsore_0_1'

1. Summary
----------

SUCCESS in the conversion of design_1_axi_espulsore_0_1 (xilinx.com:user:axi_espulsore:1.0 (Rev. 25)) to Vivado generation flows.






Copyright 1986-2019 Xilinx, Inc. All Rights Reserved.
------------------------------------------------------------------------------------
| Tool Version : Vivado v.2019.2 (win64) Build 2708876 Wed Nov  6 21:40:23 MST 2019
| Date         : Tue Sep 22 19:24:37 2020
| Host         : Ion-Notebook running 64-bit major release  (build 9200)
| Command      : upgrade_ip
| Device       : xc7z007sclg225-1
------------------------------------------------------------------------------------

Upgrade Log for IP 'design_1_axi_espulsore_0_1'

1. Summary
----------

SUCCESS in the conversion of design_1_axi_espulsore_0_1 (xilinx.com:user:axi_espulsore:1.0 (Rev. 25)) to Vivado generation flows.






Copyright 1986-2019 Xilinx, Inc. All Rights Reserved.
------------------------------------------------------------------------------------
| Tool Version : Vivado v.2019.2 (win64) Build 2708876 Wed Nov  6 21:40:23 MST 2019
| Date         : Tue Sep 22 18:54:05 2020
| Host         : Ion-Notebook running 64-bit major release  (build 9200)
| Command      : upgrade_ip
| Device       : xc7z007sclg225-1
------------------------------------------------------------------------------------

Upgrade Log for IP 'design_1_axi_espulsore_0_1'

1. Summary
----------

SUCCESS in the conversion of design_1_axi_espulsore_0_1 (xilinx.com:user:axi_espulsore:1.0 (Rev. 25)) to Vivado generation flows.






Copyright 1986-2019 Xilinx, Inc. All Rights Reserved.
------------------------------------------------------------------------------------
| Tool Version : Vivado v.2019.2 (win64) Build 2708876 Wed Nov  6 21:40:23 MST 2019
| Date         : Tue Sep 22 16:34:15 2020
| Host         : Ion-Notebook running 64-bit major release  (build 9200)
| Command      : upgrade_ip
| Device       : xc7z007sclg225-1
------------------------------------------------------------------------------------

Upgrade Log for IP 'design_1_axi_espulsore_0_1'

1. Summary
----------

SUCCESS in the conversion of design_1_axi_espulsore_0_1 (xilinx.com:user:axi_espulsore:1.0 (Rev. 25)) to Vivado generation flows.






Copyright 1986-2019 Xilinx, Inc. All Rights Reserved.
------------------------------------------------------------------------------------
| Tool Version : Vivado v.2019.2 (win64) Build 2708876 Wed Nov  6 21:40:23 MST 2019
| Date         : Tue Sep 22 15:00:45 2020
| Host         : Ion-Notebook running 64-bit major release  (build 9200)
| Command      : upgrade_ip
| Device       : xc7z007sclg225-1
------------------------------------------------------------------------------------

Upgrade Log for IP 'design_1_axi_espulsore_0_1'

1. Summary
----------

SUCCESS in the conversion of design_1_axi_espulsore_0_1 (xilinx.com:user:axi_espulsore:1.0 (Rev. 25)) to Vivado generation flows.






Copyright 1986-2019 Xilinx, Inc. All Rights Reserved.
------------------------------------------------------------------------------------
| Tool Version : Vivado v.2019.2 (win64) Build 2708876 Wed Nov  6 21:40:23 MST 2019
| Date         : Tue Sep 22 14:39:39 2020
| Host         : Ion-Notebook running 64-bit major release  (build 9200)
| Command      : upgrade_ip
| Device       : xc7z007sclg225-1
------------------------------------------------------------------------------------

Upgrade Log for IP 'design_1_axi_espulsore_0_1'

1. Summary
----------

SUCCESS in the conversion of design_1_axi_espulsore_0_1 (xilinx.com:user:axi_espulsore:1.0 (Rev. 25)) to Vivado generation flows.






Copyright 1986-2019 Xilinx, Inc. All Rights Reserved.
------------------------------------------------------------------------------------
| Tool Version : Vivado v.2019.2 (win64) Build 2708876 Wed Nov  6 21:40:23 MST 2019
| Date         : Tue Sep 22 14:29:24 2020
| Host         : Ion-Notebook running 64-bit major release  (build 9200)
| Command      : upgrade_ip
| Device       : xc7z007sclg225-1
------------------------------------------------------------------------------------

Upgrade Log for IP 'design_1_axi_espulsore_0_1'

1. Summary
----------

SUCCESS in the conversion of design_1_axi_espulsore_0_1 (xilinx.com:user:axi_espulsore:1.0 (Rev. 25)) to Vivado generation flows.






Copyright 1986-2019 Xilinx, Inc. All Rights Reserved.
------------------------------------------------------------------------------------
| Tool Version : Vivado v.2019.2 (win64) Build 2708876 Wed Nov  6 21:40:23 MST 2019
| Date         : Tue Sep 22 14:07:26 2020
| Host         : Ion-Notebook running 64-bit major release  (build 9200)
| Command      : upgrade_ip
| Device       : xc7z007sclg225-1
------------------------------------------------------------------------------------

Upgrade Log for IP 'design_1_axi_espulsore_0_1'

1. Summary
----------

SUCCESS in the conversion of design_1_axi_espulsore_0_1 (xilinx.com:user:axi_espulsore:1.0 (Rev. 25)) to Vivado generation flows.






Copyright 1986-2019 Xilinx, Inc. All Rights Reserved.
------------------------------------------------------------------------------------
| Tool Version : Vivado v.2019.2 (win64) Build 2708876 Wed Nov  6 21:40:23 MST 2019
| Date         : Tue Sep 22 13:58:32 2020
| Host         : Ion-Notebook running 64-bit major release  (build 9200)
| Command      : upgrade_ip
| Device       : xc7z007sclg225-1
------------------------------------------------------------------------------------

Upgrade Log for IP 'design_1_axi_espulsore_0_1'

1. Summary
----------

SUCCESS in the conversion of design_1_axi_espulsore_0_1 (xilinx.com:user:axi_espulsore:1.0 (Rev. 25)) to Vivado generation flows.






Copyright 1986-2019 Xilinx, Inc. All Rights Reserved.
------------------------------------------------------------------------------------
| Tool Version : Vivado v.2019.2 (win64) Build 2708876 Wed Nov  6 21:40:23 MST 2019
| Date         : Tue Sep 22 13:49:22 2020
| Host         : Ion-Notebook running 64-bit major release  (build 9200)
| Command      : upgrade_ip
| Device       : xc7z007sclg225-1
------------------------------------------------------------------------------------

Upgrade Log for IP 'design_1_axi_espulsore_0_1'

1. Summary
----------

SUCCESS in the conversion of design_1_axi_espulsore_0_1 (xilinx.com:user:axi_espulsore:1.0 (Rev. 25)) to Vivado generation flows.






Copyright 1986-2019 Xilinx, Inc. All Rights Reserved.
------------------------------------------------------------------------------------
| Tool Version : Vivado v.2019.2 (win64) Build 2708876 Wed Nov  6 21:40:23 MST 2019
| Date         : Tue Sep 22 13:20:45 2020
| Host         : Ion-Notebook running 64-bit major release  (build 9200)
| Command      : upgrade_ip
| Device       : xc7z007sclg225-1
------------------------------------------------------------------------------------

Upgrade Log for IP 'design_1_axi_espulsore_0_1'

1. Summary
----------

SUCCESS in the conversion of design_1_axi_espulsore_0_1 (xilinx.com:user:axi_espulsore:1.0 (Rev. 25)) to Vivado generation flows.






Copyright 1986-2019 Xilinx, Inc. All Rights Reserved.
------------------------------------------------------------------------------------
| Tool Version : Vivado v.2019.2 (win64) Build 2708876 Wed Nov  6 21:40:23 MST 2019
| Date         : Tue Sep 22 13:03:45 2020
| Host         : Ion-Notebook running 64-bit major release  (build 9200)
| Command      : upgrade_ip
| Device       : xc7z007sclg225-1
------------------------------------------------------------------------------------

Upgrade Log for IP 'design_1_axi_espulsore_0_1'

1. Summary
----------

SUCCESS in the conversion of design_1_axi_espulsore_0_1 (xilinx.com:user:axi_espulsore:1.0 (Rev. 25)) to Vivado generation flows.






Copyright 1986-2019 Xilinx, Inc. All Rights Reserved.
------------------------------------------------------------------------------------
| Tool Version : Vivado v.2019.2 (win64) Build 2708876 Wed Nov  6 21:40:23 MST 2019
| Date         : Tue Sep 22 12:37:59 2020
| Host         : Ion-Notebook running 64-bit major release  (build 9200)
| Command      : upgrade_ip
| Device       : xc7z007sclg225-1
------------------------------------------------------------------------------------

Upgrade Log for IP 'design_1_axi_espulsore_0_1'

1. Summary
----------

SUCCESS in the conversion of design_1_axi_espulsore_0_1 (xilinx.com:user:axi_espulsore:1.0 (Rev. 25)) to Vivado generation flows.






Copyright 1986-2019 Xilinx, Inc. All Rights Reserved.
------------------------------------------------------------------------------------
| Tool Version : Vivado v.2019.2 (win64) Build 2708876 Wed Nov  6 21:40:23 MST 2019
| Date         : Tue Sep 22 12:27:35 2020
| Host         : Ion-Notebook running 64-bit major release  (build 9200)
| Command      : upgrade_ip
| Device       : xc7z007sclg225-1
------------------------------------------------------------------------------------

Upgrade Log for IP 'design_1_axi_espulsore_0_1'

1. Summary
----------

SUCCESS in the upgrade of design_1_axi_espulsore_0_1 (xilinx.com:user:axi_espulsore:1.0) from (Rev. 24) to (Rev. 25)






Copyright 1986-2019 Xilinx, Inc. All Rights Reserved.
------------------------------------------------------------------------------------
| Tool Version : Vivado v.2019.2 (win64) Build 2708876 Wed Nov  6 21:40:23 MST 2019
| Date         : Tue Sep 22 11:12:02 2020
| Host         : Ion-Notebook running 64-bit major release  (build 9200)
| Command      : upgrade_ip
| Device       : xc7z007sclg225-1
------------------------------------------------------------------------------------

Upgrade Log for IP 'design_1_axi_espulsore_0_1'

1. Summary
----------

SUCCESS in the upgrade of design_1_axi_espulsore_0_1 (xilinx.com:user:axi_espulsore:1.0) from (Rev. 22) to (Rev. 24)






Copyright 1986-2019 Xilinx, Inc. All Rights Reserved.
------------------------------------------------------------------------------------
| Tool Version : Vivado v.2019.2 (win64) Build 2708876 Wed Nov  6 21:40:23 MST 2019
| Date         : Fri Sep 18 12:34:51 2020
| Host         : Ion-Notebook running 64-bit major release  (build 9200)
| Command      : upgrade_ip
| Device       : xc7z007sclg225-1
------------------------------------------------------------------------------------

Upgrade Log for IP 'design_1_axi_espulsore_0_1'

1. Summary
----------

SUCCESS in the conversion of design_1_axi_espulsore_0_1 (xilinx.com:user:axi_espulsore:1.0 (Rev. 22)) to Vivado generation flows.






Copyright 1986-2019 Xilinx, Inc. All Rights Reserved.
------------------------------------------------------------------------------------
| Tool Version : Vivado v.2019.2 (win64) Build 2708876 Wed Nov  6 21:40:23 MST 2019
| Date         : Fri Sep 18 11:36:25 2020
| Host         : Ion-Notebook running 64-bit major release  (build 9200)
| Command      : upgrade_ip
| Device       : xc7z007sclg225-1
------------------------------------------------------------------------------------

Upgrade Log for IP 'design_1_axi_espulsore_0_1'

1. Summary
----------

SUCCESS in the upgrade of design_1_axi_espulsore_0_1 (xilinx.com:user:axi_espulsore:1.0) from (Rev. 21) to (Rev. 22)






Copyright 1986-2019 Xilinx, Inc. All Rights Reserved.
------------------------------------------------------------------------------------
| Tool Version : Vivado v.2019.2 (win64) Build 2708876 Wed Nov  6 21:40:23 MST 2019
| Date         : Thu Sep 17 11:22:56 2020
| Host         : Ion-Notebook running 64-bit major release  (build 9200)
| Command      : upgrade_ip
| Device       : xc7z007sclg225-1
------------------------------------------------------------------------------------

Upgrade Log for IP 'design_1_axi_espulsore_0_1'

1. Summary
----------

SUCCESS in the upgrade of design_1_axi_espulsore_0_1 (xilinx.com:user:axi_espulsore:1.0) from (Rev. 20) to (Rev. 21)






Copyright 1986-2019 Xilinx, Inc. All Rights Reserved.
------------------------------------------------------------------------------------
| Tool Version : Vivado v.2019.2 (win64) Build 2708876 Wed Nov  6 21:40:23 MST 2019
| Date         : Tue Sep 15 12:38:39 2020
| Host         : Ion-Notebook running 64-bit major release  (build 9200)
| Command      : upgrade_ip
| Device       : xc7z007sclg225-1
------------------------------------------------------------------------------------

Upgrade Log for IP 'design_1_axi_espulsore_0_1'

1. Summary
----------

SUCCESS in the upgrade of design_1_axi_espulsore_0_1 (xilinx.com:user:axi_espulsore:1.0) from (Rev. 19) to (Rev. 20)






Copyright 1986-2019 Xilinx, Inc. All Rights Reserved.
------------------------------------------------------------------------------------
| Tool Version : Vivado v.2019.2 (win64) Build 2708876 Wed Nov  6 21:40:23 MST 2019
| Date         : Tue Sep 15 11:11:40 2020
| Host         : Ion-Notebook running 64-bit major release  (build 9200)
| Command      : upgrade_ip
| Device       : xc7z007sclg225-1
------------------------------------------------------------------------------------

Upgrade Log for IP 'design_1_axi_espulsore_0_1'

1. Summary
----------

SUCCESS in the conversion of design_1_axi_espulsore_0_1 (xilinx.com:user:axi_espulsore:1.0 (Rev. 19)) to Vivado generation flows.






Copyright 1986-2019 Xilinx, Inc. All Rights Reserved.
------------------------------------------------------------------------------------
| Tool Version : Vivado v.2019.2 (win64) Build 2708876 Wed Nov  6 21:40:23 MST 2019
| Date         : Sat Sep 12 11:30:16 2020
| Host         : Ion-Notebook running 64-bit major release  (build 9200)
| Command      : upgrade_ip
| Device       : xc7z007sclg225-1
------------------------------------------------------------------------------------

Upgrade Log for IP 'design_1_axi_espulsore_0_1'

1. Summary
----------

CAUTION (success, with warnings) in the upgrade of design_1_axi_espulsore_0_1 (xilinx.com:user:axi_espulsore:1.0) from (Rev. 17) to (Rev. 19)

After upgrade, an IP may have parameter and port differences compared to the original customization. Please review the parameters within the IP customization GUI to ensure proper functionality. Also, please review the updated IP instantiation template to ensure proper connectivity, and update your design if required.

2. Interface Information
------------------------

Detected external interface differences while upgrading 'design_1_axi_espulsore_0_1'.


-Upgrade has added interface 'tx_clock' (xilinx.com:signal:clock:1.0)


3. Connection Warnings
----------------------

Detected external port differences while upgrading 'design_1_axi_espulsore_0_1'. These changes may impact your design.


-Upgrade has added port 'S_in'

-Upgrade has added port 'S_out'

-Upgrade has added port 'tx_clock'







Copyright 1986-2019 Xilinx, Inc. All Rights Reserved.
------------------------------------------------------------------------------------
| Tool Version : Vivado v.2019.2 (win64) Build 2708876 Wed Nov  6 21:40:23 MST 2019
| Date         : Sat Sep 12 11:29:59 2020
| Host         : Ion-Notebook running 64-bit major release  (build 9200)
| Command      : upgrade_ip
| Device       : xc7z007sclg225-1
------------------------------------------------------------------------------------

Upgrade Log for IP 'design_1_axi_espulsore_0_1'

1. Summary
----------

SUCCESS in the upgrade of design_1_axi_espulsore_0_1 (xilinx.com:user:axi_espulsore:1.0) from (Rev. 15) to (Rev. 17)






Copyright 1986-2019 Xilinx, Inc. All Rights Reserved.
------------------------------------------------------------------------------------
| Tool Version : Vivado v.2019.2 (win64) Build 2708876 Wed Nov  6 21:40:23 MST 2019
| Date         : Thu Sep 10 12:14:34 2020
| Host         : Ion-Notebook running 64-bit major release  (build 9200)
| Command      : upgrade_ip
| Device       : xc7z007sclg225-1
------------------------------------------------------------------------------------

Upgrade Log for IP 'design_1_axi_espulsore_0_1'

1. Summary
----------

SUCCESS in the conversion of design_1_axi_espulsore_0_1 (xilinx.com:user:axi_espulsore:1.0 (Rev. 15)) to Vivado generation flows.






Copyright 1986-2019 Xilinx, Inc. All Rights Reserved.
------------------------------------------------------------------------------------
| Tool Version : Vivado v.2019.2 (win64) Build 2708876 Wed Nov  6 21:40:23 MST 2019
| Date         : Thu Sep 10 12:01:16 2020
| Host         : Ion-Notebook running 64-bit major release  (build 9200)
| Command      : upgrade_ip
| Device       : xc7z007sclg225-1
------------------------------------------------------------------------------------

Upgrade Log for IP 'design_1_axi_espulsore_0_1'

1. Summary
----------

SUCCESS in the conversion of design_1_axi_espulsore_0_1 (xilinx.com:user:axi_espulsore:1.0 (Rev. 15)) to Vivado generation flows.






Copyright 1986-2019 Xilinx, Inc. All Rights Reserved.
------------------------------------------------------------------------------------
| Tool Version : Vivado v.2019.2 (win64) Build 2708876 Wed Nov  6 21:40:23 MST 2019
| Date         : Thu Sep 10 11:05:12 2020
| Host         : Ion-Notebook running 64-bit major release  (build 9200)
| Command      : upgrade_ip
| Device       : xc7z007sclg225-1
------------------------------------------------------------------------------------

Upgrade Log for IP 'design_1_axi_espulsore_0_1'

1. Summary
----------

SUCCESS in the upgrade of design_1_axi_espulsore_0_1 (xilinx.com:user:axi_espulsore:1.0) from (Rev. 7) to (Rev. 15)






Copyright 1986-2019 Xilinx, Inc. All Rights Reserved.
------------------------------------------------------------------------------------
| Tool Version : Vivado v.2019.2 (win64) Build 2708876 Wed Nov  6 21:40:23 MST 2019
| Date         : Thu Sep 10 11:04:37 2020
| Host         : Ion-Notebook running 64-bit major release  (build 9200)
| Command      : upgrade_ip
| Device       : xc7z007sclg225-1
------------------------------------------------------------------------------------

Upgrade Log for IP 'design_1_axi_espulsore_0_1'

1. Summary
----------

SUCCESS in the conversion of design_1_axi_espulsore_0_1 (xilinx.com:user:axi_espulsore:1.0 (Rev. 7)) to Vivado generation flows.






Copyright 1986-2019 Xilinx, Inc. All Rights Reserved.
------------------------------------------------------------------------------------
| Tool Version : Vivado v.2019.2 (win64) Build 2708876 Wed Nov  6 21:40:23 MST 2019
| Date         : Thu Sep 10 10:50:52 2020
| Host         : Ion-Notebook running 64-bit major release  (build 9200)
| Command      : upgrade_ip
| Device       : xc7z007sclg225-1
------------------------------------------------------------------------------------

Upgrade Log for IP 'design_1_axi_espulsore_0_1'

1. Summary
----------

SUCCESS in the conversion of design_1_axi_espulsore_0_1 (xilinx.com:user:axi_espulsore:1.0 (Rev. 7)) to Vivado generation flows.






Copyright 1986-2019 Xilinx, Inc. All Rights Reserved.
------------------------------------------------------------------------------------
| Tool Version : Vivado v.2019.2 (win64) Build 2708876 Wed Nov  6 21:40:23 MST 2019
| Date         : Thu Sep 10 10:46:33 2020
| Host         : Ion-Notebook running 64-bit major release  (build 9200)
| Command      : upgrade_ip
| Device       : xc7z007sclg225-1
------------------------------------------------------------------------------------

Upgrade Log for IP 'design_1_axi_espulsore_0_1'

1. Summary
----------

SUCCESS in the conversion of design_1_axi_espulsore_0_1 (xilinx.com:user:axi_espulsore:1.0 (Rev. 7)) to Vivado generation flows.






Copyright 1986-2019 Xilinx, Inc. All Rights Reserved.
------------------------------------------------------------------------------------
| Tool Version : Vivado v.2019.2 (win64) Build 2708876 Wed Nov  6 21:40:23 MST 2019
| Date         : Thu Sep 10 09:15:51 2020
| Host         : Ion-Notebook running 64-bit major release  (build 9200)
| Command      : upgrade_ip
| Device       : xc7z007sclg225-1
------------------------------------------------------------------------------------

Upgrade Log for IP 'design_1_axi_espulsore_0_1'

1. Summary
----------

SUCCESS in the conversion of design_1_axi_espulsore_0_1 (xilinx.com:user:axi_espulsore:1.0 (Rev. 7)) to Vivado generation flows.






Copyright 1986-2019 Xilinx, Inc. All Rights Reserved.
------------------------------------------------------------------------------------
| Tool Version : Vivado v.2019.2 (win64) Build 2708876 Wed Nov  6 21:40:23 MST 2019
| Date         : Wed Sep  9 10:37:53 2020
| Host         : Ion-Notebook running 64-bit major release  (build 9200)
| Command      : upgrade_ip
| Device       : xc7z007sclg225-1
------------------------------------------------------------------------------------

Upgrade Log for IP 'design_1_axi_espulsore_0_1'

1. Summary
----------

SUCCESS in the conversion of design_1_axi_espulsore_0_1 (xilinx.com:user:axi_espulsore:1.0 (Rev. 7)) to Vivado generation flows.






Copyright 1986-2019 Xilinx, Inc. All Rights Reserved.
------------------------------------------------------------------------------------
| Tool Version : Vivado v.2019.2 (win64) Build 2708876 Wed Nov  6 21:40:23 MST 2019
| Date         : Wed Sep  9 10:22:31 2020
| Host         : Ion-Notebook running 64-bit major release  (build 9200)
| Command      : upgrade_ip
| Device       : xc7z007sclg225-1
------------------------------------------------------------------------------------

Upgrade Log for IP 'design_1_axi_espulsore_0_1'

1. Summary
----------

SUCCESS in the conversion of design_1_axi_espulsore_0_1 (xilinx.com:user:axi_espulsore:1.0 (Rev. 7)) to Vivado generation flows.






Copyright 1986-2019 Xilinx, Inc. All Rights Reserved.
------------------------------------------------------------------------------------
| Tool Version : Vivado v.2019.2 (win64) Build 2708876 Wed Nov  6 21:40:23 MST 2019
| Date         : Wed Sep  9 10:15:01 2020
| Host         : Ion-Notebook running 64-bit major release  (build 9200)
| Command      : upgrade_ip
| Device       : xc7z007sclg225-1
------------------------------------------------------------------------------------

Upgrade Log for IP 'design_1_axi_espulsore_0_1'

1. Summary
----------

SUCCESS in the conversion of design_1_axi_espulsore_0_1 (xilinx.com:user:axi_espulsore:1.0 (Rev. 7)) to Vivado generation flows.






Copyright 1986-2019 Xilinx, Inc. All Rights Reserved.
------------------------------------------------------------------------------------
| Tool Version : Vivado v.2019.2 (win64) Build 2708876 Wed Nov  6 21:40:23 MST 2019
| Date         : Wed Sep  9 09:56:32 2020
| Host         : Ion-Notebook running 64-bit major release  (build 9200)
| Command      : upgrade_ip
| Device       : xc7z007sclg225-1
------------------------------------------------------------------------------------

Upgrade Log for IP 'design_1_axi_espulsore_0_1'

1. Summary
----------

SUCCESS in the conversion of design_1_axi_espulsore_0_1 (xilinx.com:user:axi_espulsore:1.0 (Rev. 7)) to Vivado generation flows.






Copyright 1986-2019 Xilinx, Inc. All Rights Reserved.
------------------------------------------------------------------------------------
| Tool Version : Vivado v.2019.2 (win64) Build 2708876 Wed Nov  6 21:40:23 MST 2019
| Date         : Tue Sep  8 17:53:57 2020
| Host         : Ion-Notebook running 64-bit major release  (build 9200)
| Command      : upgrade_ip
| Device       : xc7z007sclg225-1
------------------------------------------------------------------------------------

Upgrade Log for IP 'design_1_axi_espulsore_0_1'

1. Summary
----------

SUCCESS in the upgrade of design_1_axi_espulsore_0_1 (xilinx.com:user:axi_espulsore:1.0) from (Rev. 6) to (Rev. 7)






Copyright 1986-2019 Xilinx, Inc. All Rights Reserved.
------------------------------------------------------------------------------------
| Tool Version : Vivado v.2019.2 (win64) Build 2708876 Wed Nov  6 21:40:23 MST 2019
| Date         : Tue Sep  8 17:40:30 2020
| Host         : Ion-Notebook running 64-bit major release  (build 9200)
| Command      : upgrade_ip
| Device       : xc7z007sclg225-1
------------------------------------------------------------------------------------

Upgrade Log for IP 'design_1_axi_espulsore_0_1'

1. Summary
----------

SUCCESS in the upgrade of design_1_axi_espulsore_0_1 (xilinx.com:user:axi_espulsore:1.0) from (Rev. 5) to (Rev. 6)






Copyright 1986-2019 Xilinx, Inc. All Rights Reserved.
------------------------------------------------------------------------------------
| Tool Version : Vivado v.2019.2 (win64) Build 2708876 Wed Nov  6 21:40:23 MST 2019
| Date         : Tue Sep  8 16:20:56 2020
| Host         : Ion-Notebook running 64-bit major release  (build 9200)
| Command      : upgrade_ip
| Device       : xc7z007sclg225-1
------------------------------------------------------------------------------------

Upgrade Log for IP 'design_1_axi_espulsore_0_1'

1. Summary
----------

SUCCESS in the upgrade of design_1_axi_espulsore_0_1 (xilinx.com:user:axi_espulsore:1.0) from (Rev. 4) to (Rev. 5)






Copyright 1986-2019 Xilinx, Inc. All Rights Reserved.
------------------------------------------------------------------------------------
| Tool Version : Vivado v.2019.2 (win64) Build 2708876 Wed Nov  6 21:40:23 MST 2019
| Date         : Tue Sep  8 11:21:37 2020
| Host         : Ion-Notebook running 64-bit major release  (build 9200)
| Command      : upgrade_ip
| Device       : xc7z007sclg225-1
------------------------------------------------------------------------------------

Upgrade Log for IP 'design_1_axi_espulsore_0_1'

1. Summary
----------

SUCCESS in the upgrade of design_1_axi_espulsore_0_1 (xilinx.com:user:axi_espulsore:1.0) from (Rev. 3) to (Rev. 4)






Copyright 1986-2019 Xilinx, Inc. All Rights Reserved.
------------------------------------------------------------------------------------
| Tool Version : Vivado v.2019.2 (win64) Build 2708876 Wed Nov  6 21:40:23 MST 2019
| Date         : Tue Sep  8 10:34:49 2020
| Host         : Ion-Notebook running 64-bit major release  (build 9200)
| Command      : upgrade_ip
| Device       : xc7z007sclg225-1
------------------------------------------------------------------------------------

Upgrade Log for IP 'design_1_axi_espulsore_0_1'

1. Summary
----------

CAUTION (success, with warnings) in the upgrade of design_1_axi_espulsore_0_1 (xilinx.com:user:axi_espulsore:1.0) from (Rev. 2) to (Rev. 3)

After upgrade, an IP may have parameter and port differences compared to the original customization. Please review the parameters within the IP customization GUI to ensure proper functionality. Also, please review the updated IP instantiation template to ensure proper connectivity, and update your design if required.

2. Connection Warnings
----------------------

Detected external port differences while upgrading 'design_1_axi_espulsore_0_1'. These changes may impact your design.


-Upgraded port order differs after port 's00_axi_aclk'







Copyright 1986-2019 Xilinx, Inc. All Rights Reserved.
------------------------------------------------------------------------------------
| Tool Version : Vivado v.2019.2 (win64) Build 2708876 Wed Nov  6 21:40:23 MST 2019
| Date         : Thu Sep  3 10:54:23 2020
| Host         : Ion-Notebook running 64-bit major release  (build 9200)
| Command      : upgrade_ip
| Device       : xc7z007sclg225-1
------------------------------------------------------------------------------------

Upgrade Log for IP 'design_1_test_ip_0_2'

1. Summary
----------

CAUTION (success, with warnings) in the upgrade of design_1_test_ip_0_2 (xilinx.com:user:custom_axi_controller:1.0) from (Rev. 1) to (Rev. 2)

After upgrade, an IP may have parameter and port differences compared to the original customization. Please review the parameters within the IP customization GUI to ensure proper functionality. Also, please review the updated IP instantiation template to ensure proper connectivity, and update your design if required.

2. Connection Warnings
----------------------

Detected external port differences while upgrading 'design_1_test_ip_0_2'. These changes may impact your design.


-Upgrade has added port 'my_output_0'

-Upgrade has added port 'my_output_10'

-Upgrade has added port 'my_output_11'

-Upgrade has added port 'my_output_12'

-Upgrade has added port 'my_output_13'

-Upgrade has added port 'my_output_14'

-Upgrade has added port 'my_output_15'

-Upgrade has added port 'my_output_2'

-Upgrade has added port 'my_output_3'

-Upgrade has added port 'my_output_4'

-Upgrade has added port 'my_output_5'

-Upgrade has added port 'my_output_6'

-Upgrade has added port 'my_output_7'

-Upgrade has added port 'my_output_8'

-Upgrade has added port 'my_output_9'







Copyright 1986-2019 Xilinx, Inc. All Rights Reserved.
------------------------------------------------------------------------------------
| Tool Version : Vivado v.2019.2 (win64) Build 2708876 Wed Nov  6 21:40:23 MST 2019
| Date         : Thu Sep  3 10:44:25 2020
| Host         : Ion-Notebook running 64-bit major release  (build 9200)
| Command      : upgrade_ip
| Device       : xc7z007sclg225-1
------------------------------------------------------------------------------------

Upgrade Log for IP 'design_1_test_ip_0_2'

1. Summary
----------

SUCCESS in the upgrade of design_1_test_ip_0_2 from xilinx.com:user:test_ip:1.0 (Rev. 4) to xilinx.com:user:custom_axi_controller:1.0 (Rev. 1)

