#-----------------------------------------------------------
# Vivado v2019.2 (64-bit)
# SW Build 2708876 on Wed Nov  6 21:40:23 MST 2019
# IP Build 2700528 on Thu Nov  7 00:09:20 MST 2019
# Start of session at: Thu Oct  1 10:55:35 2020
# Process ID: 10860
# Current directory: C:/Users/39389/Desktop/Vivado_Workspace/Minized_Espulsore_v_1
# Command line: vivado.exe -gui_launcher_event rodinguilauncherevent19536 C:\Users\39389\Desktop\Vivado_Workspace\Minized_Espulsore_v_1\Minized_Espulsore_v_1.xpr
# Log file: C:/Users/39389/Desktop/Vivado_Workspace/Minized_Espulsore_v_1/vivado.log
# Journal file: C:/Users/39389/Desktop/Vivado_Workspace/Minized_Espulsore_v_1\vivado.jou
#-----------------------------------------------------------
start_gui
open_project C:/Users/39389/Desktop/Vivado_Workspace/Minized_Espulsore_v_1/Minized_Espulsore_v_1.xpr
Scanning sources...
Finished scanning sources
INFO: [IP_Flow 19-234] Refreshing IP repositories
INFO: [IP_Flow 19-1700] Loaded user IP repository 'c:/Users/39389/Desktop/Vivado_Workspace/ip_repository'.
INFO: [IP_Flow 19-2313] Loaded Vivado IP repository 'C:/Xilinx/Vivado/2019.2/data/ip'.
open_project: Time (s): cpu = 00:00:31 ; elapsed = 00:00:25 . Memory (MB): peak = 942.598 ; gain = 282.559
update_compile_order -fileset sources_1
open_bd_design {C:/Users/39389/Desktop/Vivado_Workspace/Minized_Espulsore_v_1/Minized_Espulsore_v_1.srcs/sources_1/bd/design_1/design_1.bd}
Adding component instance block -- xilinx.com:ip:processing_system7:5.5 - processing_system7_0
WARNING: [BD 41-176] The physical port 'S_AXI_GP2_rd_socket' specified in the portmap, is not found on the block! 
WARNING: [BD 41-176] The physical port 'S_AXI_GP2_wr_socket' specified in the portmap, is not found on the block! 
WARNING: [BD 41-176] The physical port 'S_AXI_GP3_rd_socket' specified in the portmap, is not found on the block! 
WARNING: [BD 41-176] The physical port 'S_AXI_GP3_wr_socket' specified in the portmap, is not found on the block! 
Adding component instance block -- xilinx.com:ip:smartconnect:1.0 - axi_smc
Adding component instance block -- xilinx.com:ip:proc_sys_reset:5.0 - rst_ps7_0_100M
Adding component instance block -- xilinx.com:ip:axi_gpio:2.0 - axi_gpio_0
Adding component instance block -- xilinx.com:user:axi_espulsore:1.0 - axi_espulsore_0
Successfully read diagram <design_1> from BD file <C:/Users/39389/Desktop/Vivado_Workspace/Minized_Espulsore_v_1/Minized_Espulsore_v_1.srcs/sources_1/bd/design_1/design_1.bd>
open_bd_design: Time (s): cpu = 00:00:31 ; elapsed = 00:00:27 . Memory (MB): peak = 1135.645 ; gain = 94.676
ipx::edit_ip_in_project -upgrade true -name axi_espulsore_v1_0_project -directory C:/Users/39389/Desktop/Vivado_Workspace/Minized_Espulsore_v_1/Minized_Espulsore_v_1.tmp/axi_espulsore_v1_0_project c:/Users/39389/Desktop/Vivado_Workspace/ip_repository/axi_espulsore_1.0/component.xml
INFO: [ProjectBase 1-489] The host OS only allows 260 characters in a normal path. The project is stored in a path with more than 80 characters. If you experience issues with IP, Block Designs, or files not being found, please consider moving the project to a location with a shorter path. Alternately consider using the OS subst command to map part of the path to a drive letter.
Current project path is 'c:/users/39389/desktop/vivado_workspace/minized_espulsore_v_1/minized_espulsore_v_1.tmp/axi_espulsore_v1_0_project'
INFO: [IP_Flow 19-234] Refreshing IP repositories
INFO: [IP_Flow 19-1704] No user IP repositories specified
INFO: [IP_Flow 19-2313] Loaded Vivado IP repository 'C:/Xilinx/Vivado/2019.2/data/ip'.
create_project: Time (s): cpu = 00:00:14 ; elapsed = 00:00:09 . Memory (MB): peak = 1139.918 ; gain = 4.273
INFO: [IP_Flow 19-234] Refreshing IP repositories
INFO: [IP_Flow 19-1700] Loaded user IP repository 'c:/Users/39389/Desktop/Vivado_Workspace/ip_repository'.
INFO: [IP_Flow 19-795] Syncing license key meta-data
ipx::edit_ip_in_project: Time (s): cpu = 00:00:20 ; elapsed = 00:00:12 . Memory (MB): peak = 1139.918 ; gain = 4.273
update_compile_order -fileset sources_1
close_project
exit
INFO: [Common 17-206] Exiting Vivado at Thu Oct  1 11:05:12 2020...
