Copyright 1986-2019 Xilinx, Inc. All Rights Reserved.
------------------------------------------------------------------------------------
| Tool Version : Vivado v.2019.2 (win64) Build 2708876 Wed Nov  6 21:40:23 MST 2019
| Date         : Mon Sep 21 10:42:49 2020
| Host         : Ion-Notebook running 64-bit major release  (build 9200)
| Command      : upgrade_ip
| Device       : xc7z007sclg225-1
------------------------------------------------------------------------------------

Upgrade Log for IP 'PLtoPSInterrupt_PLtoPSinterrupt_0_0'

1. Summary
----------

SUCCESS in the upgrade of PLtoPSInterrupt_PLtoPSinterrupt_0_0 (xilinx.com:user:PLtoPSinterrupt:1.0) from (Rev. 3) to (Rev. 4)






Copyright 1986-2019 Xilinx, Inc. All Rights Reserved.
------------------------------------------------------------------------------------
| Tool Version : Vivado v.2019.2 (win64) Build 2708876 Wed Nov  6 21:40:23 MST 2019
| Date         : Mon Sep 21 10:36:38 2020
| Host         : Ion-Notebook running 64-bit major release  (build 9200)
| Command      : upgrade_ip
| Device       : xc7z007sclg225-1
------------------------------------------------------------------------------------

Upgrade Log for IP 'PLtoPSInterrupt_PLtoPSinterrupt_0_0'

1. Summary
----------

SUCCESS in the upgrade of PLtoPSInterrupt_PLtoPSinterrupt_0_0 (xilinx.com:user:PLtoPSinterrupt:1.0) from (Rev. 2) to (Rev. 3)






Copyright 1986-2019 Xilinx, Inc. All Rights Reserved.
------------------------------------------------------------------------------------
| Tool Version : Vivado v.2019.2 (win64) Build 2708876 Wed Nov  6 21:40:23 MST 2019
| Date         : Mon Aug 31 12:44:20 2020
| Host         : Ion-Notebook running 64-bit major release  (build 9200)
| Command      : upgrade_ip
| Device       : xc7z007sclg225-1
------------------------------------------------------------------------------------

Upgrade Log for IP 'PLtoPSInterrupt_PLtoPSInterrupt_0_5'

1. Summary
----------

SUCCESS in the conversion of PLtoPSInterrupt_PLtoPSInterrupt_0_5 (xilinx.com:user:PLtoPSInterrupt:1.0 (Rev. 2)) to Vivado generation flows.






Copyright 1986-2019 Xilinx, Inc. All Rights Reserved.
------------------------------------------------------------------------------------
| Tool Version : Vivado v.2019.2 (win64) Build 2708876 Wed Nov  6 21:40:23 MST 2019
| Date         : Mon Aug 31 12:19:33 2020
| Host         : Ion-Notebook running 64-bit major release  (build 9200)
| Command      : upgrade_ip
| Device       : xc7z007sclg225-1
------------------------------------------------------------------------------------

Upgrade Log for IP 'PLtoPSInterrupt_PLtoPSInterrupt_0_5'

1. Summary
----------

SUCCESS in the conversion of PLtoPSInterrupt_PLtoPSInterrupt_0_5 (xilinx.com:user:PLtoPSInterrupt:1.0 (Rev. 2)) to Vivado generation flows.

